<?xml version="1.0" encoding="UTF-8"?>
<!-- Generated by org.testng.reporters.JUnitReportReporter -->
<testsuite hostname="WINDOWS-H6EFL0Q" failures="0" tests="1" name="com.inetBanking.testCases.TC_DeleteAccount_008" time="12.619" errors="0" timestamp="2020-11-02T00:37:06 EET" skipped="0">
  <testcase classname="com.inetBanking.testCases.TC_DeleteAccount_008" name="deleteAccount" time="12.619"/>
  <system-out/>
</testsuite> <!-- com.inetBanking.testCases.TC_DeleteAccount_008 -->
