<?xml version="1.0" encoding="UTF-8"?>
<!-- Generated by org.testng.reporters.JUnitReportReporter -->
<testsuite hostname="WINDOWS-H6EFL0Q" failures="0" tests="1" name="com.inetBanking.testCases.TC_NewAccount_006" time="9.054" errors="0" timestamp="2020-10-21T22:19:51 EEST" skipped="0">
  <testcase classname="com.inetBanking.testCases.TC_NewAccount_006" name="createNewAccount" time="9.054"/>
  <system-out/>
</testsuite> <!-- com.inetBanking.testCases.TC_NewAccount_006 -->
