<?xml version="1.0" encoding="UTF-8"?>
<!-- Generated by org.testng.reporters.JUnitReportReporter -->
<testsuite hostname="WINDOWS-H6EFL0Q" failures="0" tests="7" name="com.inetBanking.testCases.TC_N_NewDeposit_010" time="46.235" errors="0" timestamp="2020-11-03T00:55:45 EET" skipped="0">
  <testcase classname="com.inetBanking.testCases.TC_N_NewDeposit_010" name="loginOnPage" time="4.420"/>
  <system-out/>
  <testcase classname="com.inetBanking.testCases.TC_N_NewDeposit_010" name="createNewDeposit_N" time="6.708"/>
  <system-out/>
  <testcase classname="com.inetBanking.testCases.TC_N_NewDeposit_010" name="createNewDeposit_N" time="6.673"/>
  <system-out/>
  <testcase classname="com.inetBanking.testCases.TC_N_NewDeposit_010" name="createNewDeposit_N" time="7.012"/>
  <system-out/>
  <testcase classname="com.inetBanking.testCases.TC_N_NewDeposit_010" name="createNewDeposit_N" time="6.715"/>
  <system-out/>
  <testcase classname="com.inetBanking.testCases.TC_N_NewDeposit_010" name="createNewDeposit_N" time="6.730"/>
  <system-out/>
  <testcase classname="com.inetBanking.testCases.TC_N_NewDeposit_010" name="createNewDeposit_N" time="7.977"/>
  <system-out/>
</testsuite> <!-- com.inetBanking.testCases.TC_N_NewDeposit_010 -->
