<?xml version="1.0" encoding="UTF-8"?>
<!-- Generated by org.testng.reporters.JUnitReportReporter -->
<testsuite hostname="WINDOWS-H6EFL0Q" failures="0" tests="5" name="com.inetBanking.testCases.TC_N_DisplayMiniStatement_018" time="23.906" errors="0" timestamp="2020-11-23T23:15:36 EET" skipped="0">
  <testcase classname="com.inetBanking.testCases.TC_N_DisplayMiniStatement_018" name="n_displayMiniStatement" time="4.865"/>
  <system-out/>
  <testcase classname="com.inetBanking.testCases.TC_N_DisplayMiniStatement_018" name="n_displayMiniStatement" time="4.968"/>
  <system-out/>
  <testcase classname="com.inetBanking.testCases.TC_N_DisplayMiniStatement_018" name="n_displayMiniStatement" time="4.570"/>
  <system-out/>
  <testcase classname="com.inetBanking.testCases.TC_N_DisplayMiniStatement_018" name="loginInApp" time="5.167"/>
  <system-out/>
  <testcase classname="com.inetBanking.testCases.TC_N_DisplayMiniStatement_018" name="n_displayMiniStatement" time="4.336"/>
  <system-out/>
</testsuite> <!-- com.inetBanking.testCases.TC_N_DisplayMiniStatement_018 -->
