<?xml version="1.0" encoding="UTF-8"?>
<!-- Generated by org.testng.reporters.JUnitReportReporter -->
<testsuite hostname="WINDOWS-H6EFL0Q" failures="0" tests="1" name="com.inetBanking.testCases.TC_DeteleCustomer_005" time="9.849" errors="0" timestamp="2020-10-19T22:12:59 EEST" skipped="0">
  <testcase classname="com.inetBanking.testCases.TC_DeteleCustomer_005" name="deleteCustomer" time="9.849"/>
  <system-out/>
</testsuite> <!-- com.inetBanking.testCases.TC_DeteleCustomer_005 -->
