<?xml version="1.0" encoding="UTF-8"?>
<!-- Generated by org.testng.reporters.JUnitReportReporter -->
<testsuite hostname="WINDOWS-H6EFL0Q" failures="0" tests="7" name="com.inetBanking.testCases.TC_N_Withdrawal_012" time="34.298" errors="0" timestamp="2020-11-04T23:37:12 EET" skipped="0">
  <testcase classname="com.inetBanking.testCases.TC_N_Withdrawal_012" name="loginInApp" time="4.629"/>
  <system-out/>
  <testcase classname="com.inetBanking.testCases.TC_N_Withdrawal_012" name="nMakeWithdrawal" time="5.677"/>
  <system-out/>
  <testcase classname="com.inetBanking.testCases.TC_N_Withdrawal_012" name="nMakeWithdrawal" time="5.107"/>
  <system-out/>
  <testcase classname="com.inetBanking.testCases.TC_N_Withdrawal_012" name="nMakeWithdrawal" time="4.535"/>
  <system-out/>
  <testcase classname="com.inetBanking.testCases.TC_N_Withdrawal_012" name="nMakeWithdrawal" time="5.048"/>
  <system-out/>
  <testcase classname="com.inetBanking.testCases.TC_N_Withdrawal_012" name="nMakeWithdrawal" time="4.675"/>
  <system-out/>
  <testcase classname="com.inetBanking.testCases.TC_N_Withdrawal_012" name="nMakeWithdrawal" time="4.627"/>
  <system-out/>
</testsuite> <!-- com.inetBanking.testCases.TC_N_Withdrawal_012 -->
