<?xml version="1.0" encoding="UTF-8"?>
<!-- Generated by org.testng.reporters.JUnitReportReporter -->
<testsuite hostname="WINDOWS-H6EFL0Q" failures="0" tests="1" name="com.inetBanking.testCases.BaseClass" time="0.007" errors="0" timestamp="2020-10-04T11:35:16 EEST" skipped="0">
  <testcase classname="com.inetBanking.testCases.BaseClass" name="meth1" time="0.007"/>
  <system-out/>
</testsuite> <!-- com.inetBanking.testCases.BaseClass -->
