<?xml version="1.0" encoding="UTF-8"?>
<!-- Generated by org.testng.reporters.JUnitReportReporter -->
<testsuite hostname="WINDOWS-H6EFL0Q" failures="0" tests="1" name="com.inetBanking.testCases.TC_EditAccount_007" time="9.170" errors="0" timestamp="2020-10-29T23:11:20 EET" skipped="0">
  <testcase classname="com.inetBanking.testCases.TC_EditAccount_007" name="editAccount" time="9.170"/>
  <system-out/>
</testsuite> <!-- com.inetBanking.testCases.TC_EditAccount_007 -->
