<?xml version="1.0" encoding="UTF-8"?>
<!-- Generated by org.testng.reporters.JUnitReportReporter -->
<testsuite hostname="WINDOWS-H6EFL0Q" failures="0" tests="1" name="com.inetBanking.testCases.TC_DisplayMiniStatement_017" time="10.187" errors="0" timestamp="2020-11-23T23:15:36 EET" skipped="0">
  <testcase classname="com.inetBanking.testCases.TC_DisplayMiniStatement_017" name="displayMiniStatement" time="10.187"/>
  <system-out/>
</testsuite> <!-- com.inetBanking.testCases.TC_DisplayMiniStatement_017 -->
