<?xml version="1.0" encoding="UTF-8"?>
<!-- Generated by org.testng.reporters.JUnitReportReporter -->
<testsuite hostname="WINDOWS-H6EFL0Q" failures="0" tests="7" name="com.inetBanking.testCases.TC_N_ChangePassword_015" time="15.263" errors="0" timestamp="2020-11-15T13:26:53 EET" skipped="0">
  <testcase classname="com.inetBanking.testCases.TC_N_ChangePassword_015" name="n_ChangePassword_login" time="5.694"/>
  <system-out/>
  <testcase classname="com.inetBanking.testCases.TC_N_ChangePassword_015" name="n_ChangePassword" time="1.410"/>
  <system-out/>
  <testcase classname="com.inetBanking.testCases.TC_N_ChangePassword_015" name="n_ChangePassword" time="1.409"/>
  <system-out/>
  <testcase classname="com.inetBanking.testCases.TC_N_ChangePassword_015" name="n_ChangePassword" time="1.423"/>
  <system-out/>
  <testcase classname="com.inetBanking.testCases.TC_N_ChangePassword_015" name="n_ChangePassword" time="1.540"/>
  <system-out/>
  <testcase classname="com.inetBanking.testCases.TC_N_ChangePassword_015" name="n_ChangePassword" time="2.278"/>
  <system-out/>
  <testcase classname="com.inetBanking.testCases.TC_N_ChangePassword_015" name="n_ChangePassword" time="1.509"/>
  <system-out/>
</testsuite> <!-- com.inetBanking.testCases.TC_N_ChangePassword_015 -->
