<?xml version="1.0" encoding="UTF-8"?>
<!-- Generated by org.testng.reporters.JUnitReportReporter -->
<testsuite hostname="WINDOWS-H6EFL0Q" failures="0" tests="1" name="com.inetBanking.testCases.TC_NewDeposit_009" time="8.375" errors="0" timestamp="2020-11-03T00:55:45 EET" skipped="0">
  <testcase classname="com.inetBanking.testCases.TC_NewDeposit_009" name="createNewDeposit" time="8.375"/>
  <system-out/>
</testsuite> <!-- com.inetBanking.testCases.TC_NewDeposit_009 -->
