<?xml version="1.0" encoding="UTF-8"?>
<!-- Generated by org.testng.reporters.JUnitReportReporter -->
<testsuite hostname="WINDOWS-H6EFL0Q" failures="0" tests="1" name="com.inetBanking.testCases.TC_ChangePassword_014" time="8.867" errors="0" timestamp="2020-11-14T19:55:06 EET" skipped="0">
  <testcase classname="com.inetBanking.testCases.TC_ChangePassword_014" name="changePassword" time="8.867"/>
  <system-out/>
</testsuite> <!-- com.inetBanking.testCases.TC_ChangePassword_014 -->
