<?xml version="1.0" encoding="UTF-8"?>
<!-- Generated by org.testng.reporters.JUnitReportReporter -->
<testsuite hostname="WINDOWS-H6EFL0Q" failures="0" tests="1" name="com.inetBanking.testCases.TC_SeeBalanceEnquiry_016" time="9.770" errors="0" timestamp="2020-11-19T22:34:13 EET" skipped="0">
  <testcase classname="com.inetBanking.testCases.TC_SeeBalanceEnquiry_016" name="seeBalanceEnquiry" time="9.770"/>
  <system-out/>
</testsuite> <!-- com.inetBanking.testCases.TC_SeeBalanceEnquiry_016 -->
