<?xml version="1.0" encoding="UTF-8"?>
<!-- Generated by org.testng.reporters.JUnitReportReporter -->
<testsuite hostname="WINDOWS-H6EFL0Q" failures="0" tests="7" name="com.inetBanking.testCases.TC_N_ChangePassword_015" time="13.256" errors="0" timestamp="2020-11-15T13:52:44 EET" skipped="0">
  <testcase classname="com.inetBanking.testCases.TC_N_ChangePassword_015" name="n_ChangePassword_login" time="4.656"/>
  <system-out/>
  <testcase classname="com.inetBanking.testCases.TC_N_ChangePassword_015" name="n_ChangePassword" time="2.145"/>
  <system-out/>
  <testcase classname="com.inetBanking.testCases.TC_N_ChangePassword_015" name="n_ChangePassword" time="1.271"/>
  <system-out/>
  <testcase classname="com.inetBanking.testCases.TC_N_ChangePassword_015" name="n_ChangePassword" time="1.230"/>
  <system-out/>
  <testcase classname="com.inetBanking.testCases.TC_N_ChangePassword_015" name="n_ChangePassword" time="1.631"/>
  <system-out/>
  <testcase classname="com.inetBanking.testCases.TC_N_ChangePassword_015" name="n_ChangePassword" time="1.258"/>
  <system-out/>
  <testcase classname="com.inetBanking.testCases.TC_N_ChangePassword_015" name="n_ChangePassword" time="1.065"/>
  <system-out/>
</testsuite> <!-- com.inetBanking.testCases.TC_N_ChangePassword_015 -->
