<?xml version="1.0" encoding="UTF-8"?>
<!-- Generated by org.testng.reporters.JUnitReportReporter -->
<testsuite hostname="WINDOWS-H6EFL0Q" failures="0" tests="1" name="com.inetBanking.testCases.TC_Withdrawal_011" time="9.880" errors="0" timestamp="2020-11-05T00:18:06 EET" skipped="0">
  <testcase classname="com.inetBanking.testCases.TC_Withdrawal_011" name="makeWithdrawal" time="9.880"/>
  <system-out/>
</testsuite> <!-- com.inetBanking.testCases.TC_Withdrawal_011 -->
