<?xml version="1.0" encoding="UTF-8"?>
<!-- Generated by org.testng.reporters.JUnitReportReporter -->
<testsuite hostname="WINDOWS-H6EFL0Q" failures="0" tests="1" name="com.inetBanking.testCases.TC_DeleteAccount_008" time="11.873" errors="0" timestamp="2020-11-02T00:24:37 EET" skipped="0">
  <testcase classname="com.inetBanking.testCases.TC_DeleteAccount_008" name="deleteAccount" time="11.873"/>
  <system-out/>
</testsuite> <!-- com.inetBanking.testCases.TC_DeleteAccount_008 -->
