<?xml version="1.0" encoding="UTF-8"?>
<!-- Generated by org.testng.reporters.JUnitReportReporter -->
<testsuite hostname="WINDOWS-H6EFL0Q" failures="0" tests="1" name="com.inetBanking.testCases.TC_NewDeposit_009" time="9.877" errors="0" timestamp="2020-11-03T23:39:07 EET" skipped="0">
  <testcase classname="com.inetBanking.testCases.TC_NewDeposit_009" name="createNewDeposit" time="9.877"/>
  <system-out/>
</testsuite> <!-- com.inetBanking.testCases.TC_NewDeposit_009 -->
