<?xml version="1.0" encoding="UTF-8"?>
<!-- Generated by org.testng.reporters.JUnitReportReporter -->
<testsuite hostname="WINDOWS-H6EFL0Q" failures="0" tests="7" name="com.inetBanking.testCases.TC_N_NewDeposit_010" time="45.074" errors="0" timestamp="2020-11-03T23:39:07 EET" skipped="0">
  <testcase classname="com.inetBanking.testCases.TC_N_NewDeposit_010" name="loginOnPage" time="4.726"/>
  <system-out/>
  <testcase classname="com.inetBanking.testCases.TC_N_NewDeposit_010" name="createNewDeposit_N" time="6.522"/>
  <system-out/>
  <testcase classname="com.inetBanking.testCases.TC_N_NewDeposit_010" name="createNewDeposit_N" time="6.342"/>
  <system-out/>
  <testcase classname="com.inetBanking.testCases.TC_N_NewDeposit_010" name="createNewDeposit_N" time="6.903"/>
  <system-out/>
  <testcase classname="com.inetBanking.testCases.TC_N_NewDeposit_010" name="createNewDeposit_N" time="7.379"/>
  <system-out/>
  <testcase classname="com.inetBanking.testCases.TC_N_NewDeposit_010" name="createNewDeposit_N" time="6.651"/>
  <system-out/>
  <testcase classname="com.inetBanking.testCases.TC_N_NewDeposit_010" name="createNewDeposit_N" time="6.551"/>
  <system-out/>
</testsuite> <!-- com.inetBanking.testCases.TC_N_NewDeposit_010 -->
