<?xml version="1.0" encoding="UTF-8"?>
<!-- Generated by org.testng.reporters.JUnitReportReporter -->
<testsuite hostname="WINDOWS-H6EFL0Q" failures="0" tests="1" name="com.inetBanking.testCases.TC_FundTransfer_013" time="9.275" errors="0" timestamp="2020-11-09T23:38:04 EET" skipped="0">
  <testcase classname="com.inetBanking.testCases.TC_FundTransfer_013" name="fundTranssfer" time="9.275"/>
  <system-out/>
</testsuite> <!-- com.inetBanking.testCases.TC_FundTransfer_013 -->
