<?xml version="1.0" encoding="UTF-8"?>
<!-- Generated by org.testng.reporters.JUnitReportReporter -->
<testsuite hostname="WINDOWS-H6EFL0Q" failures="0" tests="1" name="com.inetBanking.testCases.TC_DisplayMiniStatement_017" time="9.323" errors="0" timestamp="2020-11-24T00:01:20 EET" skipped="0">
  <testcase classname="com.inetBanking.testCases.TC_DisplayMiniStatement_017" name="displayMiniStatement" time="9.323"/>
  <system-out/>
</testsuite> <!-- com.inetBanking.testCases.TC_DisplayMiniStatement_017 -->
