<?xml version="1.0" encoding="UTF-8"?>
<!-- Generated by org.testng.reporters.JUnitReportReporter -->
<testsuite hostname="WINDOWS-H6EFL0Q" failures="0" tests="5" name="com.inetBanking.testCases.TC_N_DisplayMiniStatement_018" time="22.735" errors="0" timestamp="2020-11-24T00:01:20 EET" skipped="0">
  <testcase classname="com.inetBanking.testCases.TC_N_DisplayMiniStatement_018" name="n_displayMiniStatement" time="4.105"/>
  <system-out/>
  <testcase classname="com.inetBanking.testCases.TC_N_DisplayMiniStatement_018" name="loginInApp" time="4.809"/>
  <system-out/>
  <testcase classname="com.inetBanking.testCases.TC_N_DisplayMiniStatement_018" name="n_displayMiniStatement" time="4.523"/>
  <system-out/>
  <testcase classname="com.inetBanking.testCases.TC_N_DisplayMiniStatement_018" name="n_displayMiniStatement" time="4.377"/>
  <system-out/>
  <testcase classname="com.inetBanking.testCases.TC_N_DisplayMiniStatement_018" name="n_displayMiniStatement" time="4.921"/>
  <system-out/>
</testsuite> <!-- com.inetBanking.testCases.TC_N_DisplayMiniStatement_018 -->
