<?xml version="1.0" encoding="UTF-8"?>
<!-- Generated by org.testng.reporters.JUnitReportReporter -->
<testsuite hostname="WINDOWS-H6EFL0Q" failures="0" tests="7" name="com.inetBanking.testCases.TC_N_Withdrawal_012" time="34.111" errors="0" timestamp="2020-11-05T00:18:06 EET" skipped="0">
  <testcase classname="com.inetBanking.testCases.TC_N_Withdrawal_012" name="loginInApp" time="4.595"/>
  <system-out/>
  <testcase classname="com.inetBanking.testCases.TC_N_Withdrawal_012" name="nMakeWithdrawal" time="4.518"/>
  <system-out/>
  <testcase classname="com.inetBanking.testCases.TC_N_Withdrawal_012" name="nMakeWithdrawal" time="4.377"/>
  <system-out/>
  <testcase classname="com.inetBanking.testCases.TC_N_Withdrawal_012" name="nMakeWithdrawal" time="4.749"/>
  <system-out/>
  <testcase classname="com.inetBanking.testCases.TC_N_Withdrawal_012" name="nMakeWithdrawal" time="4.591"/>
  <system-out/>
  <testcase classname="com.inetBanking.testCases.TC_N_Withdrawal_012" name="nMakeWithdrawal" time="6.412"/>
  <system-out/>
  <testcase classname="com.inetBanking.testCases.TC_N_Withdrawal_012" name="nMakeWithdrawal" time="4.869"/>
  <system-out/>
</testsuite> <!-- com.inetBanking.testCases.TC_N_Withdrawal_012 -->
